############################
   Execute ETL Process...   
############################
2015-12-13 15:29:09 INFO  HiveConnection:21 - Hive Connection to 10.0.0.22:10000/default Established...

2015-12-13 15:29:09 INFO  ETLProcess:103 - Running MDX Queries...
2015-12-13 15:29:09 WARN  RolapUtil:407 - Mondrian: Warning: JDBC driver sun.jdbc.odbc.JdbcOdbcDriver not found
2015-12-13 15:29:09 WARN  RolapUtil:407 - Mondrian: Warning: JDBC driver org.hsqldb.jdbcDriver not found
2015-12-13 15:29:09 WARN  RolapUtil:407 - Mondrian: Warning: JDBC driver oracle.jdbc.OracleDriver not found
2015-12-13 15:29:14 INFO  MondrianConnection:26 - Mondrian Connection to http://10.0.0.22:7070/kylin Established...

2015-12-13 15:29:14 INFO  MondrianBenchmark:58 - 
2015-12-13 15:29:14 INFO  MondrianBenchmark:59 - Iteration: 1
2015-12-13 15:29:16 INFO  MondrianBenchmark:65 - Execution Time Query 1: 2775
2015-12-13 15:29:18 INFO  MondrianBenchmark:65 - Execution Time Query 2: 2032
2015-12-13 15:29:21 INFO  MondrianBenchmark:65 - Execution Time Query 3: 2130
2015-12-13 15:29:25 INFO  MondrianBenchmark:65 - Execution Time Query 4: 4845
2015-12-13 15:29:30 INFO  MondrianBenchmark:65 - Execution Time Query 5: 4921
2015-12-13 15:29:33 INFO  MondrianBenchmark:65 - Execution Time Query 6: 2051
2015-12-13 15:29:37 INFO  MondrianBenchmark:65 - Execution Time Query 7: 4131
2015-12-13 15:29:42 INFO  MondrianBenchmark:65 - Execution Time Query 8: 5387
2015-12-13 15:29:44 INFO  MondrianBenchmark:65 - Execution Time Query 9: 1888
2015-12-13 15:29:46 INFO  MondrianBenchmark:65 - Execution Time Query 10: 2055
2015-12-13 15:29:50 INFO  MondrianBenchmark:65 - Execution Time Query 11: 3589
2015-12-13 15:29:59 INFO  MondrianBenchmark:65 - Execution Time Query 12: 9644
2015-12-13 15:30:10 INFO  MondrianBenchmark:65 - Execution Time Query 13: 10139
2015-12-13 15:30:10 INFO  MondrianBenchmark:58 - 
2015-12-13 15:30:10 INFO  MondrianBenchmark:59 - Iteration: 2
2015-12-13 15:30:11 INFO  MondrianBenchmark:65 - Execution Time Query 1: 1276
2015-12-13 15:30:12 INFO  MondrianBenchmark:65 - Execution Time Query 2: 1261
2015-12-13 15:30:14 INFO  MondrianBenchmark:65 - Execution Time Query 3: 1568
2015-12-13 15:30:18 INFO  MondrianBenchmark:65 - Execution Time Query 4: 3786
2015-12-13 15:30:22 INFO  MondrianBenchmark:65 - Execution Time Query 5: 4285
2015-12-13 15:30:24 INFO  MondrianBenchmark:65 - Execution Time Query 6: 1663
2015-12-13 15:30:27 INFO  MondrianBenchmark:65 - Execution Time Query 7: 3752
2015-12-13 15:30:32 INFO  MondrianBenchmark:65 - Execution Time Query 8: 4713
2015-12-13 15:30:34 INFO  MondrianBenchmark:65 - Execution Time Query 9: 1829
2015-12-13 15:30:36 INFO  MondrianBenchmark:65 - Execution Time Query 10: 1719
2015-12-13 15:30:39 INFO  MondrianBenchmark:65 - Execution Time Query 11: 3243
2015-12-13 15:30:48 INFO  MondrianBenchmark:65 - Execution Time Query 12: 8973
2015-12-13 15:30:58 INFO  MondrianBenchmark:65 - Execution Time Query 13: 10045
2015-12-13 15:30:58 INFO  MondrianBenchmark:58 - 
2015-12-13 15:30:58 INFO  MondrianBenchmark:59 - Iteration: 3
2015-12-13 15:30:59 INFO  MondrianBenchmark:65 - Execution Time Query 1: 1226
2015-12-13 15:31:00 INFO  MondrianBenchmark:65 - Execution Time Query 2: 1237
2015-12-13 15:31:02 INFO  MondrianBenchmark:65 - Execution Time Query 3: 1491
2015-12-13 15:31:06 INFO  MondrianBenchmark:65 - Execution Time Query 4: 3692
2015-12-13 15:31:10 INFO  MondrianBenchmark:65 - Execution Time Query 5: 4233
2015-12-13 15:31:12 INFO  MondrianBenchmark:65 - Execution Time Query 6: 1601
2015-12-13 15:31:15 INFO  MondrianBenchmark:65 - Execution Time Query 7: 3592
2015-12-13 15:31:20 INFO  MondrianBenchmark:65 - Execution Time Query 8: 4728
2015-12-13 15:31:22 INFO  MondrianBenchmark:65 - Execution Time Query 9: 1764
2015-12-13 15:31:23 INFO  MondrianBenchmark:65 - Execution Time Query 10: 1660
2015-12-13 15:31:26 INFO  MondrianBenchmark:65 - Execution Time Query 11: 3165
2015-12-13 15:31:35 INFO  MondrianBenchmark:65 - Execution Time Query 12: 8980
2015-12-13 15:31:45 INFO  MondrianBenchmark:65 - Execution Time Query 13: 9760
2015-12-13 15:31:45 INFO  MondrianBenchmark:58 - 
2015-12-13 15:31:45 INFO  MondrianBenchmark:59 - Iteration: 4
2015-12-13 15:31:46 INFO  MondrianBenchmark:65 - Execution Time Query 1: 1203
2015-12-13 15:31:48 INFO  MondrianBenchmark:65 - Execution Time Query 2: 1207
2015-12-13 15:31:49 INFO  MondrianBenchmark:65 - Execution Time Query 3: 1481
2015-12-13 15:31:53 INFO  MondrianBenchmark:65 - Execution Time Query 4: 3685
2015-12-13 15:31:57 INFO  MondrianBenchmark:65 - Execution Time Query 5: 4187
2015-12-13 15:31:59 INFO  MondrianBenchmark:65 - Execution Time Query 6: 1589
2015-12-13 15:32:02 INFO  MondrianBenchmark:65 - Execution Time Query 7: 3574
2015-12-13 15:32:07 INFO  MondrianBenchmark:65 - Execution Time Query 8: 4633
2015-12-13 15:32:09 INFO  MondrianBenchmark:65 - Execution Time Query 9: 1746
2015-12-13 15:32:10 INFO  MondrianBenchmark:65 - Execution Time Query 10: 1596
2015-12-13 15:32:13 INFO  MondrianBenchmark:65 - Execution Time Query 11: 3121
2015-12-13 15:32:22 INFO  MondrianBenchmark:65 - Execution Time Query 12: 8951
2015-12-13 15:32:32 INFO  MondrianBenchmark:65 - Execution Time Query 13: 9799
2015-12-13 15:32:32 INFO  ETLProcess:109 - Running SQL Queries...
2015-12-13 15:32:32 INFO  KylinConnection:19 - Kylin Connection to http://10.0.0.22:7070/kylin Established...

2015-12-13 15:32:32 INFO  KylinBenchmark:49 - 
2015-12-13 15:32:32 INFO  KylinBenchmark:50 - Iteration: 1
2015-12-13 15:32:32 INFO  KylinBenchmark:56 - Execution Time SQL Query 1: 172
2015-12-13 15:32:33 INFO  KylinBenchmark:56 - Execution Time SQL Query 2: 177
2015-12-13 15:32:33 INFO  KylinBenchmark:56 - Execution Time SQL Query 3: 174
2015-12-13 15:32:34 INFO  KylinBenchmark:56 - Execution Time SQL Query 4: 1201
2015-12-13 15:32:43 INFO  KylinBenchmark:56 - Execution Time SQL Query 5: 8869
2015-12-13 15:32:44 INFO  KylinBenchmark:56 - Execution Time SQL Query 6: 873
2015-12-13 15:32:46 INFO  KylinBenchmark:56 - Execution Time SQL Query 7: 2073
2015-12-13 15:32:48 INFO  KylinBenchmark:56 - Execution Time SQL Query 8: 1712
2015-12-13 15:32:49 INFO  KylinBenchmark:56 - Execution Time SQL Query 9: 868
2015-12-13 15:32:49 INFO  KylinBenchmark:56 - Execution Time SQL Query 10: 849
2015-12-13 15:32:50 INFO  KylinBenchmark:56 - Execution Time SQL Query 11: 1082
2015-12-13 15:32:53 INFO  KylinBenchmark:56 - Execution Time SQL Query 12: 2238
2015-12-13 15:32:54 INFO  KylinBenchmark:56 - Execution Time SQL Query 13: 1515
2015-12-13 15:32:54 INFO  KylinBenchmark:49 - 
2015-12-13 15:32:54 INFO  KylinBenchmark:50 - Iteration: 2
2015-12-13 15:32:54 INFO  KylinBenchmark:56 - Execution Time SQL Query 1: 171
2015-12-13 15:32:55 INFO  KylinBenchmark:56 - Execution Time SQL Query 2: 185
2015-12-13 15:32:55 INFO  KylinBenchmark:56 - Execution Time SQL Query 3: 177
2015-12-13 15:32:56 INFO  KylinBenchmark:56 - Execution Time SQL Query 4: 1206
2015-12-13 15:33:05 INFO  KylinBenchmark:56 - Execution Time SQL Query 5: 9049
2015-12-13 15:33:06 INFO  KylinBenchmark:56 - Execution Time SQL Query 6: 858
2015-12-13 15:33:08 INFO  KylinBenchmark:56 - Execution Time SQL Query 7: 2077
2015-12-13 15:33:10 INFO  KylinBenchmark:56 - Execution Time SQL Query 8: 1665
2015-12-13 15:33:10 INFO  KylinBenchmark:56 - Execution Time SQL Query 9: 844
2015-12-13 15:33:11 INFO  KylinBenchmark:56 - Execution Time SQL Query 10: 902
2015-12-13 15:33:13 INFO  KylinBenchmark:56 - Execution Time SQL Query 11: 1186
2015-12-13 15:33:15 INFO  KylinBenchmark:56 - Execution Time SQL Query 12: 2329
2015-12-13 15:33:16 INFO  KylinBenchmark:56 - Execution Time SQL Query 13: 1542
2015-12-13 15:33:16 INFO  KylinBenchmark:49 - 
2015-12-13 15:33:16 INFO  KylinBenchmark:50 - Iteration: 3
2015-12-13 15:33:17 INFO  KylinBenchmark:56 - Execution Time SQL Query 1: 162
2015-12-13 15:33:17 INFO  KylinBenchmark:56 - Execution Time SQL Query 2: 194
2015-12-13 15:33:17 INFO  KylinBenchmark:56 - Execution Time SQL Query 3: 182
2015-12-13 15:33:18 INFO  KylinBenchmark:56 - Execution Time SQL Query 4: 1204
2015-12-13 15:33:27 INFO  KylinBenchmark:56 - Execution Time SQL Query 5: 9014
2015-12-13 15:33:28 INFO  KylinBenchmark:56 - Execution Time SQL Query 6: 856
2015-12-13 15:33:30 INFO  KylinBenchmark:56 - Execution Time SQL Query 7: 2059
2015-12-13 15:33:32 INFO  KylinBenchmark:56 - Execution Time SQL Query 8: 1535
2015-12-13 15:33:33 INFO  KylinBenchmark:56 - Execution Time SQL Query 9: 869
2015-12-13 15:33:33 INFO  KylinBenchmark:56 - Execution Time SQL Query 10: 842
2015-12-13 15:33:35 INFO  KylinBenchmark:56 - Execution Time SQL Query 11: 1353
2015-12-13 15:33:37 INFO  KylinBenchmark:56 - Execution Time SQL Query 12: 2245
2015-12-13 15:33:38 INFO  KylinBenchmark:56 - Execution Time SQL Query 13: 1419
2015-12-13 15:33:38 INFO  KylinBenchmark:49 - 
2015-12-13 15:33:38 INFO  KylinBenchmark:50 - Iteration: 4
2015-12-13 15:33:39 INFO  KylinBenchmark:56 - Execution Time SQL Query 1: 158
2015-12-13 15:33:39 INFO  KylinBenchmark:56 - Execution Time SQL Query 2: 177
2015-12-13 15:33:39 INFO  KylinBenchmark:56 - Execution Time SQL Query 3: 172
2015-12-13 15:33:40 INFO  KylinBenchmark:56 - Execution Time SQL Query 4: 1206
2015-12-13 15:33:49 INFO  KylinBenchmark:56 - Execution Time SQL Query 5: 9092
2015-12-13 15:33:50 INFO  KylinBenchmark:56 - Execution Time SQL Query 6: 852
2015-12-13 15:33:52 INFO  KylinBenchmark:56 - Execution Time SQL Query 7: 2054
2015-12-13 15:33:54 INFO  KylinBenchmark:56 - Execution Time SQL Query 8: 1421
2015-12-13 15:33:54 INFO  KylinBenchmark:56 - Execution Time SQL Query 9: 840
2015-12-13 15:33:55 INFO  KylinBenchmark:56 - Execution Time SQL Query 10: 846
2015-12-13 15:33:57 INFO  KylinBenchmark:56 - Execution Time SQL Query 11: 1612
2015-12-13 15:33:59 INFO  KylinBenchmark:56 - Execution Time SQL Query 12: 2244
2015-12-13 15:34:00 INFO  KylinBenchmark:56 - Execution Time SQL Query 13: 1268
Done...

