############################
   Execute ETL Process...
############################
2015-12-13 21:53:05 INFO  HiveConnection:21 - Hive Connection to 10.0.0.225:10000/default Established...

2015-12-13 21:53:05 INFO  ETLProcess:103 - Running MDX Queries...
2015-12-13 21:53:10 INFO  MondrianConnection:26 - Mondrian Connection to http://10.0.0.225:7070/kylin Established...

2015-12-13 21:53:10 INFO  MondrianBenchmark:58 -
2015-12-13 21:53:10 INFO  MondrianBenchmark:59 - Iteration: 1
2015-12-13 21:53:13 INFO  MondrianBenchmark:65 - Execution Time Query 1: 2881
2015-12-13 21:53:15 INFO  MondrianBenchmark:65 - Execution Time Query 2: 2052
2015-12-13 21:53:17 INFO  MondrianBenchmark:65 - Execution Time Query 3: 1946
2015-12-13 21:53:50 INFO  MondrianBenchmark:65 - Execution Time Query 4: 33390
2015-12-13 21:54:14 INFO  MondrianBenchmark:65 - Execution Time Query 5: 24181
2015-12-13 21:54:29 INFO  MondrianBenchmark:65 - Execution Time Query 6: 14293
2015-12-13 21:54:55 INFO  MondrianBenchmark:65 - Execution Time Query 7: 26127
2015-12-13 21:55:17 INFO  MondrianBenchmark:65 - Execution Time Query 8: 22201
2015-12-13 21:55:33 INFO  MondrianBenchmark:65 - Execution Time Query 9: 15238
2015-12-13 21:55:47 INFO  MondrianBenchmark:65 - Execution Time Query 10: 14624
2015-12-13 21:56:09 INFO  MondrianBenchmark:65 - Execution Time Query 11: 21695
2015-12-13 21:56:53 INFO  MondrianBenchmark:65 - Execution Time Query 12: 43673
2015-12-13 21:58:17 INFO  MondrianBenchmark:65 - Execution Time Query 13: 84036
2015-12-13 21:58:17 INFO  MondrianBenchmark:58 -
2015-12-13 21:58:17 INFO  MondrianBenchmark:59 - Iteration: 2
2015-12-13 21:58:18 INFO  MondrianBenchmark:65 - Execution Time Query 1: 1410
2015-12-13 21:58:20 INFO  MondrianBenchmark:65 - Execution Time Query 2: 1467
2015-12-13 21:58:21 INFO  MondrianBenchmark:65 - Execution Time Query 3: 1801
2015-12-13 21:58:26 INFO  MondrianBenchmark:65 - Execution Time Query 4: 4361
2015-12-13 21:58:37 INFO  MondrianBenchmark:65 - Execution Time Query 5: 11115
2015-12-13 21:58:39 INFO  MondrianBenchmark:65 - Execution Time Query 6: 1929
2015-12-13 21:58:42 INFO  MondrianBenchmark:65 - Execution Time Query 7: 3403
2015-12-13 21:58:46 INFO  MondrianBenchmark:65 - Execution Time Query 8: 3482
2015-12-13 21:58:49 INFO  MondrianBenchmark:65 - Execution Time Query 9: 2694
2015-12-13 21:58:50 INFO  MondrianBenchmark:65 - Execution Time Query 10: 1625
2015-12-13 21:58:56 INFO  MondrianBenchmark:65 - Execution Time Query 11: 5465
2015-12-13 21:59:00 INFO  MondrianBenchmark:65 - Execution Time Query 12: 4573
2015-12-13 21:59:06 INFO  MondrianBenchmark:65 - Execution Time Query 13: 5375
2015-12-13 21:59:06 INFO  MondrianBenchmark:58 -
2015-12-13 21:59:06 INFO  MondrianBenchmark:59 - Iteration: 3
2015-12-13 21:59:07 INFO  MondrianBenchmark:65 - Execution Time Query 1: 1453
2015-12-13 21:59:08 INFO  MondrianBenchmark:65 - Execution Time Query 2: 1350
2015-12-13 21:59:10 INFO  MondrianBenchmark:65 - Execution Time Query 3: 1506
2015-12-13 21:59:14 INFO  MondrianBenchmark:65 - Execution Time Query 4: 4205
2015-12-13 21:59:25 INFO  MondrianBenchmark:65 - Execution Time Query 5: 10605
2015-12-13 21:59:27 INFO  MondrianBenchmark:65 - Execution Time Query 6: 2038
2015-12-13 21:59:30 INFO  MondrianBenchmark:65 - Execution Time Query 7: 3371
2015-12-13 21:59:33 INFO  MondrianBenchmark:65 - Execution Time Query 8: 3192
2015-12-13 21:59:36 INFO  MondrianBenchmark:65 - Execution Time Query 9: 2607
2015-12-13 21:59:38 INFO  MondrianBenchmark:65 - Execution Time Query 10: 1954
2015-12-13 21:59:43 INFO  MondrianBenchmark:65 - Execution Time Query 11: 5122
2015-12-13 21:59:47 INFO  MondrianBenchmark:65 - Execution Time Query 12: 3881
2015-12-13 21:59:52 INFO  MondrianBenchmark:65 - Execution Time Query 13: 4839
2015-12-13 21:59:52 INFO  MondrianBenchmark:58 -
2015-12-13 21:59:52 INFO  MondrianBenchmark:59 - Iteration: 4
2015-12-13 21:59:53 INFO  MondrianBenchmark:65 - Execution Time Query 1: 1344
2015-12-13 21:59:55 INFO  MondrianBenchmark:65 - Execution Time Query 2: 1329
2015-12-13 21:59:56 INFO  MondrianBenchmark:65 - Execution Time Query 3: 1433
2015-12-13 22:00:00 INFO  MondrianBenchmark:65 - Execution Time Query 4: 3927
2015-12-13 22:00:11 INFO  MondrianBenchmark:65 - Execution Time Query 5: 11207
2015-12-13 22:00:13 INFO  MondrianBenchmark:65 - Execution Time Query 6: 2334
2015-12-13 22:00:17 INFO  MondrianBenchmark:65 - Execution Time Query 7: 3270
2015-12-13 22:00:20 INFO  MondrianBenchmark:65 - Execution Time Query 8: 3267
2015-12-13 22:00:23 INFO  MondrianBenchmark:65 - Execution Time Query 9: 2644
2015-12-13 22:00:24 INFO  MondrianBenchmark:65 - Execution Time Query 10: 1707
2015-12-13 22:00:30 INFO  MondrianBenchmark:65 - Execution Time Query 11: 5362
2015-12-13 22:00:34 INFO  MondrianBenchmark:65 - Execution Time Query 12: 3908
2015-12-13 22:00:39 INFO  MondrianBenchmark:65 - Execution Time Query 13: 5139
2015-12-13 22:00:39 INFO  ETLProcess:109 - Running SQL Queries...
2015-12-13 22:00:39 INFO  KylinConnection:19 - Kylin Connection to http://10.0.0.225:7070/kylin Established...

2015-12-13 22:00:39 INFO  KylinBenchmark:49 -
2015-12-13 22:00:39 INFO  KylinBenchmark:50 - Iteration: 1
2015-12-13 22:00:39 INFO  KylinBenchmark:56 - Execution Time SQL Query 1: 174
2015-12-13 22:00:39 INFO  KylinBenchmark:56 - Execution Time SQL Query 2: 171
2015-12-13 22:00:39 INFO  KylinBenchmark:56 - Execution Time SQL Query 3: 161
2015-12-13 22:00:54 INFO  KylinBenchmark:56 - Execution Time SQL Query 4: 14774
2015-12-13 22:10:39 ERROR KylinBenchmark:61 - Could not execute SQL Query!


2015-12-13 22:23:03 INFO  HiveConnection:21 - Hive Connection to 10.0.0.225:10000/default Established...

2015-12-13 22:23:03 INFO  ETLProcess:109 - Running SQL Queries...
2015-12-13 22:23:03 INFO  KylinConnection:19 - Kylin Connection to http://10.0.0.225:7070/kylin Established...

2015-12-13 22:23:03 INFO  KylinBenchmark:49 -
2015-12-13 22:23:03 INFO  KylinBenchmark:50 - Iteration: 1
2015-12-13 22:23:05 INFO  KylinBenchmark:56 - Execution Time SQL Query 1: 2102
2015-12-13 22:23:06 INFO  KylinBenchmark:56 - Execution Time SQL Query 2: 297
2015-12-13 22:23:06 INFO  KylinBenchmark:56 - Execution Time SQL Query 3: 277
2015-12-13 22:23:21 INFO  KylinBenchmark:56 - Execution Time SQL Query 4: 15249
2015-12-13 22:23:33 INFO  KylinBenchmark:56 - Execution Time SQL Query 6: 12171
2015-12-13 22:23:49 INFO  KylinBenchmark:56 - Execution Time SQL Query 7: 15220
2015-12-13 22:24:01 INFO  KylinBenchmark:56 - Execution Time SQL Query 8: 12489
2015-12-13 22:24:14 INFO  KylinBenchmark:56 - Execution Time SQL Query 9: 12657
2015-12-13 22:24:27 INFO  KylinBenchmark:56 - Execution Time SQL Query 10: 12883
2015-12-13 22:24:39 INFO  KylinBenchmark:56 - Execution Time SQL Query 11: 12346
2015-12-13 22:24:53 INFO  KylinBenchmark:56 - Execution Time SQL Query 12: 13747
2015-12-13 22:25:05 INFO  KylinBenchmark:56 - Execution Time SQL Query 13: 12069
2015-12-13 22:25:05 INFO  KylinBenchmark:49 -
2015-12-13 22:25:05 INFO  KylinBenchmark:50 - Iteration: 2
2015-12-13 22:25:05 INFO  KylinBenchmark:56 - Execution Time SQL Query 1: 195
2015-12-13 22:25:06 INFO  KylinBenchmark:56 - Execution Time SQL Query 2: 204
2015-12-13 22:25:06 INFO  KylinBenchmark:56 - Execution Time SQL Query 3: 197
2015-12-13 22:25:06 INFO  KylinBenchmark:56 - Execution Time SQL Query 4: 120
2015-12-13 22:25:06 INFO  KylinBenchmark:56 - Execution Time SQL Query 6: 107
2015-12-13 22:25:06 INFO  KylinBenchmark:56 - Execution Time SQL Query 7: 111
2015-12-13 22:25:06 INFO  KylinBenchmark:56 - Execution Time SQL Query 8: 112
2015-12-13 22:25:06 INFO  KylinBenchmark:56 - Execution Time SQL Query 9: 110
2015-12-13 22:25:06 INFO  KylinBenchmark:56 - Execution Time SQL Query 10: 106
2015-12-13 22:25:07 INFO  KylinBenchmark:56 - Execution Time SQL Query 11: 107
2015-12-13 22:25:07 INFO  KylinBenchmark:56 - Execution Time SQL Query 12: 109
2015-12-13 22:25:07 INFO  KylinBenchmark:56 - Execution Time SQL Query 13: 112
2015-12-13 22:25:07 INFO  KylinBenchmark:49 -
2015-12-13 22:25:07 INFO  KylinBenchmark:50 - Iteration: 3
2015-12-13 22:25:07 INFO  KylinBenchmark:56 - Execution Time SQL Query 1: 271
2015-12-13 22:25:07 INFO  KylinBenchmark:56 - Execution Time SQL Query 2: 222
2015-12-13 22:25:07 INFO  KylinBenchmark:56 - Execution Time SQL Query 3: 196
2015-12-13 22:25:08 INFO  KylinBenchmark:56 - Execution Time SQL Query 4: 109
2015-12-13 22:25:08 INFO  KylinBenchmark:56 - Execution Time SQL Query 6: 106
2015-12-13 22:25:08 INFO  KylinBenchmark:56 - Execution Time SQL Query 7: 107
2015-12-13 22:25:08 INFO  KylinBenchmark:56 - Execution Time SQL Query 8: 111
2015-12-13 22:25:08 INFO  KylinBenchmark:56 - Execution Time SQL Query 9: 107
2015-12-13 22:25:08 INFO  KylinBenchmark:56 - Execution Time SQL Query 10: 108
2015-12-13 22:25:08 INFO  KylinBenchmark:56 - Execution Time SQL Query 11: 107
2015-12-13 22:25:08 INFO  KylinBenchmark:56 - Execution Time SQL Query 12: 107
2015-12-13 22:25:08 INFO  KylinBenchmark:56 - Execution Time SQL Query 13: 112
2015-12-13 22:25:08 INFO  KylinBenchmark:49 -
2015-12-13 22:25:08 INFO  KylinBenchmark:50 - Iteration: 4
2015-12-13 22:25:09 INFO  KylinBenchmark:56 - Execution Time SQL Query 1: 211
2015-12-13 22:25:09 INFO  KylinBenchmark:56 - Execution Time SQL Query 2: 215
2015-12-13 22:25:09 INFO  KylinBenchmark:56 - Execution Time SQL Query 3: 204
2015-12-13 22:25:09 INFO  KylinBenchmark:56 - Execution Time SQL Query 4: 107
2015-12-13 22:25:09 INFO  KylinBenchmark:56 - Execution Time SQL Query 6: 106
2015-12-13 22:25:09 INFO  KylinBenchmark:56 - Execution Time SQL Query 7: 107
2015-12-13 22:25:10 INFO  KylinBenchmark:56 - Execution Time SQL Query 8: 110
2015-12-13 22:25:10 INFO  KylinBenchmark:56 - Execution Time SQL Query 9: 107
2015-12-13 22:25:10 INFO  KylinBenchmark:56 - Execution Time SQL Query 10: 107
2015-12-13 22:25:10 INFO  KylinBenchmark:56 - Execution Time SQL Query 11: 106
2015-12-13 22:25:10 INFO  KylinBenchmark:56 - Execution Time SQL Query 12: 107
2015-12-13 22:25:10 INFO  KylinBenchmark:56 - Execution Time SQL Query 13: 111
Done...


