############################
   Execute ETL Process...   
############################
2015-12-14 01:28:14 INFO  HiveConnection:21 - Hive Connection to 10.0.0.225:10000/default Established...

2015-12-14 01:28:14 INFO  ETLProcess:103 - Running MDX Queries...
2015-12-14 01:28:14 WARN  RolapUtil:407 - Mondrian: Warning: JDBC driver sun.jdbc.odbc.JdbcOdbcDriver not found
2015-12-14 01:28:14 WARN  RolapUtil:407 - Mondrian: Warning: JDBC driver org.hsqldb.jdbcDriver not found
2015-12-14 01:28:14 WARN  RolapUtil:407 - Mondrian: Warning: JDBC driver oracle.jdbc.OracleDriver not found
2015-12-14 01:28:19 INFO  MondrianConnection:26 - Mondrian Connection to http://10.0.0.225:7070/kylin Established...

2015-12-14 01:28:19 INFO  MondrianBenchmark:58 - 
2015-12-14 01:28:19 INFO  MondrianBenchmark:59 - Iteration: 1
2015-12-14 01:28:22 INFO  MondrianBenchmark:65 - Execution Time Query 1: 2777
2015-12-14 01:28:24 INFO  MondrianBenchmark:65 - Execution Time Query 2: 2090
2015-12-14 01:28:26 INFO  MondrianBenchmark:65 - Execution Time Query 3: 2039
2015-12-14 01:29:00 INFO  MondrianBenchmark:65 - Execution Time Query 4: 33765
2015-12-14 01:29:26 INFO  MondrianBenchmark:65 - Execution Time Query 5: 25601
2015-12-14 01:29:40 INFO  MondrianBenchmark:65 - Execution Time Query 6: 14683
2015-12-14 01:30:06 INFO  MondrianBenchmark:65 - Execution Time Query 7: 25549
2015-12-14 01:30:28 INFO  MondrianBenchmark:65 - Execution Time Query 8: 22460
2015-12-14 01:30:46 INFO  MondrianBenchmark:65 - Execution Time Query 9: 17665
2015-12-14 01:31:03 INFO  MondrianBenchmark:65 - Execution Time Query 10: 16482
2015-12-14 01:31:25 INFO  MondrianBenchmark:65 - Execution Time Query 11: 22401
2015-12-14 01:32:10 INFO  MondrianBenchmark:65 - Execution Time Query 12: 45342
2015-12-14 01:33:36 INFO  MondrianBenchmark:65 - Execution Time Query 13: 85310
2015-12-14 01:33:36 INFO  MondrianBenchmark:58 - 
2015-12-14 01:33:36 INFO  MondrianBenchmark:59 - Iteration: 2
2015-12-14 01:33:37 INFO  MondrianBenchmark:65 - Execution Time Query 1: 1521
2015-12-14 01:33:39 INFO  MondrianBenchmark:65 - Execution Time Query 2: 1422
2015-12-14 01:33:41 INFO  MondrianBenchmark:65 - Execution Time Query 3: 1709
2015-12-14 01:33:45 INFO  MondrianBenchmark:65 - Execution Time Query 4: 4019
2015-12-14 01:33:56 INFO  MondrianBenchmark:65 - Execution Time Query 5: 10989
2015-12-14 01:33:58 INFO  MondrianBenchmark:65 - Execution Time Query 6: 2077
2015-12-14 01:34:01 INFO  MondrianBenchmark:65 - Execution Time Query 7: 3438
2015-12-14 01:34:05 INFO  MondrianBenchmark:65 - Execution Time Query 8: 3440
2015-12-14 01:34:08 INFO  MondrianBenchmark:65 - Execution Time Query 9: 2987
2015-12-14 01:34:09 INFO  MondrianBenchmark:65 - Execution Time Query 10: 1689
2015-12-14 01:34:15 INFO  MondrianBenchmark:65 - Execution Time Query 11: 5871
2015-12-14 01:34:20 INFO  MondrianBenchmark:65 - Execution Time Query 12: 4294
2015-12-14 01:34:25 INFO  MondrianBenchmark:65 - Execution Time Query 13: 5487
2015-12-14 01:34:25 INFO  MondrianBenchmark:58 - 
2015-12-14 01:34:25 INFO  MondrianBenchmark:59 - Iteration: 3
2015-12-14 01:34:27 INFO  MondrianBenchmark:65 - Execution Time Query 1: 1551
2015-12-14 01:34:28 INFO  MondrianBenchmark:65 - Execution Time Query 2: 1388
2015-12-14 01:34:30 INFO  MondrianBenchmark:65 - Execution Time Query 3: 1546
2015-12-14 01:34:34 INFO  MondrianBenchmark:65 - Execution Time Query 4: 4363
2015-12-14 01:34:45 INFO  MondrianBenchmark:65 - Execution Time Query 5: 11197
2015-12-14 01:34:47 INFO  MondrianBenchmark:65 - Execution Time Query 6: 2225
2015-12-14 01:34:51 INFO  MondrianBenchmark:65 - Execution Time Query 7: 3807
2015-12-14 01:34:55 INFO  MondrianBenchmark:65 - Execution Time Query 8: 3579
2015-12-14 01:34:58 INFO  MondrianBenchmark:65 - Execution Time Query 9: 2786
2015-12-14 01:34:59 INFO  MondrianBenchmark:65 - Execution Time Query 10: 1730
2015-12-14 01:35:05 INFO  MondrianBenchmark:65 - Execution Time Query 11: 6042
2015-12-14 01:35:09 INFO  MondrianBenchmark:65 - Execution Time Query 12: 4028
2015-12-14 01:35:15 INFO  MondrianBenchmark:65 - Execution Time Query 13: 5181
2015-12-14 01:35:15 INFO  MondrianBenchmark:58 - 
2015-12-14 01:35:15 INFO  MondrianBenchmark:59 - Iteration: 4
2015-12-14 01:35:16 INFO  MondrianBenchmark:65 - Execution Time Query 1: 1374
2015-12-14 01:35:17 INFO  MondrianBenchmark:65 - Execution Time Query 2: 1358
2015-12-14 01:35:19 INFO  MondrianBenchmark:65 - Execution Time Query 3: 1601
2015-12-14 01:35:23 INFO  MondrianBenchmark:65 - Execution Time Query 4: 4288
2015-12-14 01:35:35 INFO  MondrianBenchmark:65 - Execution Time Query 5: 11485
2015-12-14 01:35:37 INFO  MondrianBenchmark:65 - Execution Time Query 6: 2027
2015-12-14 01:35:40 INFO  MondrianBenchmark:65 - Execution Time Query 7: 3514
2015-12-14 01:35:44 INFO  MondrianBenchmark:65 - Execution Time Query 8: 3320
2015-12-14 01:35:46 INFO  MondrianBenchmark:65 - Execution Time Query 9: 2737
2015-12-14 01:35:48 INFO  MondrianBenchmark:65 - Execution Time Query 10: 1781
2015-12-14 01:35:54 INFO  MondrianBenchmark:65 - Execution Time Query 11: 5868
2015-12-14 01:35:58 INFO  MondrianBenchmark:65 - Execution Time Query 12: 4205
2015-12-14 01:36:04 INFO  MondrianBenchmark:65 - Execution Time Query 13: 5448
2015-12-14 01:36:04 INFO  ETLProcess:109 - Running SQL Queries...
2015-12-14 01:36:04 INFO  KylinConnection:19 - Kylin Connection to http://10.0.0.225:7070/kylin Established...

2015-12-14 01:36:04 INFO  KylinBenchmark:49 - 
2015-12-14 01:36:04 INFO  KylinBenchmark:50 - Iteration: 1
2015-12-14 01:36:04 INFO  KylinBenchmark:56 - Execution Time SQL Query 1: 179
2015-12-14 01:36:04 INFO  KylinBenchmark:56 - Execution Time SQL Query 2: 173
2015-12-14 01:36:04 INFO  KylinBenchmark:56 - Execution Time SQL Query 3: 165
2015-12-14 01:36:20 INFO  KylinBenchmark:56 - Execution Time SQL Query 4: 15306
2015-12-14 01:36:32 INFO  KylinBenchmark:56 - Execution Time SQL Query 6: 12571
2015-12-14 01:36:48 INFO  KylinBenchmark:56 - Execution Time SQL Query 7: 15295
2015-12-14 01:37:01 INFO  KylinBenchmark:56 - Execution Time SQL Query 8: 13774
2015-12-14 01:37:16 INFO  KylinBenchmark:56 - Execution Time SQL Query 9: 14993
2015-12-14 01:37:32 INFO  KylinBenchmark:56 - Execution Time SQL Query 10: 15212
2015-12-14 01:37:44 INFO  KylinBenchmark:56 - Execution Time SQL Query 11: 12174
2015-12-14 01:37:59 INFO  KylinBenchmark:56 - Execution Time SQL Query 12: 15302
2015-12-14 01:38:12 INFO  KylinBenchmark:56 - Execution Time SQL Query 13: 12820
2015-12-14 01:38:12 INFO  KylinBenchmark:49 - 
2015-12-14 01:38:12 INFO  KylinBenchmark:50 - Iteration: 2
2015-12-14 01:38:12 INFO  KylinBenchmark:56 - Execution Time SQL Query 1: 157
2015-12-14 01:38:12 INFO  KylinBenchmark:56 - Execution Time SQL Query 2: 188
2015-12-14 01:38:13 INFO  KylinBenchmark:56 - Execution Time SQL Query 3: 161
2015-12-14 01:38:13 INFO  KylinBenchmark:56 - Execution Time SQL Query 4: 107
2015-12-14 01:38:13 INFO  KylinBenchmark:56 - Execution Time SQL Query 6: 107
2015-12-14 01:38:13 INFO  KylinBenchmark:56 - Execution Time SQL Query 7: 106
2015-12-14 01:38:13 INFO  KylinBenchmark:56 - Execution Time SQL Query 8: 108
2015-12-14 01:38:13 INFO  KylinBenchmark:56 - Execution Time SQL Query 9: 110
2015-12-14 01:38:13 INFO  KylinBenchmark:56 - Execution Time SQL Query 10: 106
2015-12-14 01:38:13 INFO  KylinBenchmark:56 - Execution Time SQL Query 11: 106
2015-12-14 01:38:13 INFO  KylinBenchmark:56 - Execution Time SQL Query 12: 106
2015-12-14 01:38:14 INFO  KylinBenchmark:56 - Execution Time SQL Query 13: 111
2015-12-14 01:38:14 INFO  KylinBenchmark:49 - 
2015-12-14 01:38:14 INFO  KylinBenchmark:50 - Iteration: 3
2015-12-14 01:38:14 INFO  KylinBenchmark:56 - Execution Time SQL Query 1: 153
2015-12-14 01:38:14 INFO  KylinBenchmark:56 - Execution Time SQL Query 2: 166
2015-12-14 01:38:14 INFO  KylinBenchmark:56 - Execution Time SQL Query 3: 160
2015-12-14 01:38:14 INFO  KylinBenchmark:56 - Execution Time SQL Query 4: 106
2015-12-14 01:38:14 INFO  KylinBenchmark:56 - Execution Time SQL Query 6: 106
2015-12-14 01:38:14 INFO  KylinBenchmark:56 - Execution Time SQL Query 7: 106
2015-12-14 01:38:14 INFO  KylinBenchmark:56 - Execution Time SQL Query 8: 109
2015-12-14 01:38:15 INFO  KylinBenchmark:56 - Execution Time SQL Query 9: 106
2015-12-14 01:38:15 INFO  KylinBenchmark:56 - Execution Time SQL Query 10: 127
2015-12-14 01:38:15 INFO  KylinBenchmark:56 - Execution Time SQL Query 11: 125
2015-12-14 01:38:15 INFO  KylinBenchmark:56 - Execution Time SQL Query 12: 106
2015-12-14 01:38:15 INFO  KylinBenchmark:56 - Execution Time SQL Query 13: 111
2015-12-14 01:38:15 INFO  KylinBenchmark:49 - 
2015-12-14 01:38:15 INFO  KylinBenchmark:50 - Iteration: 4
2015-12-14 01:38:15 INFO  KylinBenchmark:56 - Execution Time SQL Query 1: 153
2015-12-14 01:38:15 INFO  KylinBenchmark:56 - Execution Time SQL Query 2: 166
2015-12-14 01:38:16 INFO  KylinBenchmark:56 - Execution Time SQL Query 3: 161
2015-12-14 01:38:16 INFO  KylinBenchmark:56 - Execution Time SQL Query 4: 107
2015-12-14 01:38:16 INFO  KylinBenchmark:56 - Execution Time SQL Query 6: 106
2015-12-14 01:38:16 INFO  KylinBenchmark:56 - Execution Time SQL Query 7: 107
2015-12-14 01:38:16 INFO  KylinBenchmark:56 - Execution Time SQL Query 8: 109
2015-12-14 01:38:16 INFO  KylinBenchmark:56 - Execution Time SQL Query 9: 106
2015-12-14 01:38:16 INFO  KylinBenchmark:56 - Execution Time SQL Query 10: 106
2015-12-14 01:38:16 INFO  KylinBenchmark:56 - Execution Time SQL Query 11: 105
2015-12-14 01:38:16 INFO  KylinBenchmark:56 - Execution Time SQL Query 12: 107
2015-12-14 01:38:17 INFO  KylinBenchmark:56 - Execution Time SQL Query 13: 109
Done...

