############################
   Execute ETL Process...   
############################
2015-12-14 07:51:27 INFO  HiveConnection:21 - Hive Connection to 10.0.0.225:10000/default Established...

2015-12-14 07:51:27 INFO  ETLProcess:38 - Component 2: Load MDM Models form Hive Table 'qb_triples_opt'...
2015-12-14 07:51:27 INFO  MeasuresLoader:31 - Loading all Measures...
2015-12-14 07:51:27 DEBUG MeasuresLoader:150 - - load Measures Query: SELECT tb1.* FROM qb_triples_opt AS tb1 WHERE predicate = "<http://purl.org/linked-data/cube#measure>" 
2015-12-14 07:51:27 DEBUG MeasuresLoader:161 - - load Measure Aggregation Functions Query: SELECT tb1.* FROM qb_triples_opt AS tb1 WHERE predicate = "<http://purl.org/qb4olap/cubes#aggregateFunction>" 
2015-12-14 07:51:27 DEBUG MeasuresLoader:185 - - load Measure Information Query: SELECT tb1.* FROM qb_triples_opt as tb1 WHERE   (     tb1.predicate = "<http://www.w3.org/2000/01/rdf-schema#range>"     OR tb1.predicate = "<http://www.w3.org/2000/01/rdf-schema#label>"   )   AND tb1.subject IN ( "<http://lod2.eu/schemas/rdfh#lo_extendedprice>" , "<http://lod2.eu/schemas/rdfh#lo_revenue>" , "<http://lod2.eu/schemas/rdfh#lo_discount>" , "<http://lod2.eu/schemas/rdfh#sum_revenue>" , "<http://lod2.eu/schemas/rdfh#lo_quantity>" , "<http://lod2.eu/schemas/rdfh#sum_profit>" , "<http://lod2.eu/schemas/rdfh#lo_supplycost>"   ) 
2015-12-14 07:51:40 INFO  DimensionsLoader:38 - Loading all Dimensions, Hierarchies and Levels...
2015-12-14 07:51:40 DEBUG DimensionsLoader:122 - - load Dimensions Query: SELECT tb1.* FROM qb_triples_opt AS tb1 WHERE predicate = "<http://purl.org/linked-data/cube#dimension>" 
2015-12-14 07:51:40 DEBUG DimensionsLoader:133 - - load CodeLists Query: SELECT tb1.* FROM qb_triples_opt AS tb1 WHERE predicate = "<http://purl.org/linked-data/cube#codeList>" 
2015-12-14 07:51:40 DEBUG DimensionsLoader:147 - - load Levels Query: SELECT tb1.subject, tb1.object, tb2.object as depth FROM qb_triples_opt as tb1 JOIN qb_triples_opt as tb2 ON (tb1.subject = tb2.subject) WHERE   tb1.predicate = "<http://www.w3.org/2004/02/skos/core#inScheme>"   AND tb2.predicate = "<http://purl.org/linked-data/xkos#depth>" 
2015-12-14 07:51:58 DEBUG DimensionsLoader:174 - - load Attributes Query: SELECT tb1.subject, tb2.predicate FROM qb_triples_opt AS tb1 JOIN qb_triples_opt AS tb2 ON (tb2.subject = tb1.object) WHERE   tb1.subject IN ( "<http://lod2.eu/schemas/rdfh#lo_custkeyCustomerLevel>" , "<http://lod2.eu/schemas/rdfh#lo_partkeyPartLevel>" , "<http://lod2.eu/schemas/rdfh#lo_orderdateDateLevel>" , "<http://lod2.eu/schemas/rdfh#lo_orderdateWeeknuminyearDateLevel>" , "<http://lod2.eu/schemas/rdfh#lo_suppkeySupplierLevel>"   )   AND tb1.predicate = "<http://www.w3.org/2004/02/skos/core#member>"   AND tb2.predicate != "<http://www.w3.org/1999/02/22-rdf-syntax-ns#type>"   AND tb2.predicate != "<http://www.w3.org/2004/02/skos/core#inScheme>"   GROUP BY tb1.subject, tb2.predicate 
2015-12-14 08:03:54 INFO  FactGenerator:27 - Generating Fact Model...
2015-12-14 08:03:54 DEBUG FactGenerator:30 - Fact Measure Attribute found: <http://lod2.eu/schemas/rdfh#lo_extendedprice>
2015-12-14 08:03:54 DEBUG FactGenerator:30 - Fact Measure Attribute found: <http://lod2.eu/schemas/rdfh#lo_revenue>
2015-12-14 08:03:54 DEBUG FactGenerator:30 - Fact Measure Attribute found: <http://lod2.eu/schemas/rdfh#lo_discount>
2015-12-14 08:03:54 DEBUG FactGenerator:30 - Fact Measure Attribute found: <http://lod2.eu/schemas/rdfh#sum_revenue>
2015-12-14 08:03:54 DEBUG FactGenerator:30 - Fact Measure Attribute found: <http://lod2.eu/schemas/rdfh#lo_quantity>
2015-12-14 08:03:54 DEBUG FactGenerator:30 - Fact Measure Attribute found: <http://lod2.eu/schemas/rdfh#sum_profit>
2015-12-14 08:03:54 DEBUG FactGenerator:30 - Fact Measure Attribute found: <http://lod2.eu/schemas/rdfh#lo_supplycost>
2015-12-14 08:03:54 DEBUG FactGenerator:44 - Fact Foreign Key Attribute found: <http://lod2.eu/schemas/rdfh#lo_partkey>
2015-12-14 08:03:54 DEBUG FactGenerator:44 - Fact Foreign Key Attribute found: <http://lod2.eu/schemas/rdfh#lo_custkey>
2015-12-14 08:03:54 DEBUG FactGenerator:44 - Fact Foreign Key Attribute found: <http://lod2.eu/schemas/rdfh#lo_suppkey>
2015-12-14 08:03:54 DEBUG FactGenerator:44 - Fact Foreign Key Attribute found: <http://lod2.eu/schemas/rdfh#lo_orderdate>
2015-12-14 08:03:54 INFO  ETLProcess:45 - Execution Time Component 2: 747250
2015-12-14 08:03:54 INFO  ETLProcess:46 - Component 2 - Result MDM: 
Measures:
	Measure: <http://lod2.eu/schemas/rdfh#lo_extendedprice>
		Name: "Extended Price"
		ColumnName: LO_EXTENDEDPRICE
		Type: double
		Aggregate: sum
		isCalculatedMember: false
	Measure: <http://lod2.eu/schemas/rdfh#lo_revenue>
		Name: "Revenue"
		ColumnName: LO_REVENUE
		Type: int
		Aggregate: sum
		isCalculatedMember: false
	Measure: <http://lod2.eu/schemas/rdfh#lo_discount>
		Name: "Discount"
		ColumnName: LO_DISCOUNT
		Type: double
		Aggregate: sum
		isCalculatedMember: false
	Measure: <http://lod2.eu/schemas/rdfh#sum_revenue>
		Name: "Sum Revenue"
		ColumnName: SUM_REVENUE
		Type: double
		Aggregate: sum
		isCalculatedMember: true
		calculcatedMemberFormula: <http://lod2.eu/schemas/rdfh#lo_extendedprice> * <http://lod2.eu/schemas/rdfh#lo_discount>
	Measure: <http://lod2.eu/schemas/rdfh#lo_quantity>
		Name: "Quantity"
		ColumnName: LO_QUANTITY
		Type: double
		Aggregate: sum
		isCalculatedMember: false
	Measure: <http://lod2.eu/schemas/rdfh#sum_profit>
		Name: "Sum Profit"
		ColumnName: SUM_PROFIT
		Type: int
		Aggregate: sum
		isCalculatedMember: true
		calculcatedMemberFormula: <http://lod2.eu/schemas/rdfh#lo_revenue> - <http://lod2.eu/schemas/rdfh#lo_supplycost>
	Measure: <http://lod2.eu/schemas/rdfh#lo_supplycost>
		Name: "Supply Cost"
		ColumnName: LO_SUPPLYCOST
		Type: int
		Aggregate: sum
		isCalculatedMember: false
Dimensions:
	Dimension: <http://lod2.eu/schemas/rdfh#lo_discount>
		Name: lo_discount
		TableName: LO_DISCOUNT
		PrimaryColumnName: KEY
		Hierarchies:
		Attributes:

	Dimension: <http://lod2.eu/schemas/rdfh#lo_quantity>
		Name: lo_quantity
		TableName: LO_QUANTITY
		PrimaryColumnName: KEY
		Hierarchies:
		Attributes:

	Dimension: <http://lod2.eu/schemas/rdfh#lo_partkey>
		Name: lo_partkey
		TableName: LO_PARTKEY
		PrimaryColumnName: KEY
		Hierarchies:
		Hierarchy: <http://lod2.eu/schemas/rdfh#lo_partkeyCodeList>
			Name: lo_partkeyCodeList
			Levels:
			Level: <http://lod2.eu/schemas/rdfh#lo_partkeyMfgrLevel>
				Name: LO_PARTKEYMFGRLEVEL
				ParentLevel: -
				Depth: 1
			Level: <http://lod2.eu/schemas/rdfh#lo_partkeyCategoryLevel>
				Name: LO_PARTKEYCATEGORYLEVEL
				ParentLevel: -
				Depth: 2
			Level: <http://lod2.eu/schemas/rdfh#lo_partkeyBrand1Level>
				Name: LO_PARTKEYBRAND1LEVEL
				ParentLevel: -
				Depth: 3
			Level: <http://lod2.eu/schemas/rdfh#lo_partkeyPartLevel>
				Name: LO_PARTKEYPARTLEVEL
				ParentLevel: -
				Depth: 4
		Attributes:
			<http://lod2.eu/schemas/rdfh#p_brand1>
			<http://lod2.eu/schemas/rdfh#p_category>
			<http://lod2.eu/schemas/rdfh#p_color>
			<http://lod2.eu/schemas/rdfh#p_container>
			<http://lod2.eu/schemas/rdfh#p_mfgr>
			<http://lod2.eu/schemas/rdfh#p_name>
			<http://lod2.eu/schemas/rdfh#p_partkey>
			<http://lod2.eu/schemas/rdfh#p_size>
			<http://lod2.eu/schemas/rdfh#p_type>

	Dimension: <http://lod2.eu/schemas/rdfh#lo_custkey>
		Name: lo_custkey
		TableName: LO_CUSTKEY
		PrimaryColumnName: KEY
		Hierarchies:
		Hierarchy: <http://lod2.eu/schemas/rdfh#lo_custkeyCodeList>
			Name: lo_custkeyCodeList
			Levels:
			Level: <http://lod2.eu/schemas/rdfh#lo_custkeyRegionLevel>
				Name: LO_CUSTKEYREGIONLEVEL
				ParentLevel: -
				Depth: 1
			Level: <http://lod2.eu/schemas/rdfh#lo_custkeyNationLevel>
				Name: LO_CUSTKEYNATIONLEVEL
				ParentLevel: -
				Depth: 2
			Level: <http://lod2.eu/schemas/rdfh#lo_custkeyCityLevel>
				Name: LO_CUSTKEYCITYLEVEL
				ParentLevel: -
				Depth: 3
			Level: <http://lod2.eu/schemas/rdfh#lo_custkeyCustomerLevel>
				Name: LO_CUSTKEYCUSTOMERLEVEL
				ParentLevel: -
				Depth: 4
		Attributes:
			<http://lod2.eu/schemas/rdfh#c_address>
			<http://lod2.eu/schemas/rdfh#c_city>
			<http://lod2.eu/schemas/rdfh#c_custkey>
			<http://lod2.eu/schemas/rdfh#c_mktsegment>
			<http://lod2.eu/schemas/rdfh#c_name>
			<http://lod2.eu/schemas/rdfh#c_nation>
			<http://lod2.eu/schemas/rdfh#c_phone>
			<http://lod2.eu/schemas/rdfh#c_region>

	Dimension: <http://lod2.eu/schemas/rdfh#lo_suppkey>
		Name: lo_suppkey
		TableName: LO_SUPPKEY
		PrimaryColumnName: KEY
		Hierarchies:
		Hierarchy: <http://lod2.eu/schemas/rdfh#lo_suppkeyCodeList>
			Name: lo_suppkeyCodeList
			Levels:
			Level: <http://lod2.eu/schemas/rdfh#lo_suppkeyRegionLevel>
				Name: LO_SUPPKEYREGIONLEVEL
				ParentLevel: -
				Depth: 1
			Level: <http://lod2.eu/schemas/rdfh#lo_suppkeyNationLevel>
				Name: LO_SUPPKEYNATIONLEVEL
				ParentLevel: -
				Depth: 2
			Level: <http://lod2.eu/schemas/rdfh#lo_suppkeyCityLevel>
				Name: LO_SUPPKEYCITYLEVEL
				ParentLevel: -
				Depth: 3
			Level: <http://lod2.eu/schemas/rdfh#lo_suppkeySupplierLevel>
				Name: LO_SUPPKEYSUPPLIERLEVEL
				ParentLevel: -
				Depth: 4
		Attributes:
			<http://lod2.eu/schemas/rdfh#s_address>
			<http://lod2.eu/schemas/rdfh#s_city>
			<http://lod2.eu/schemas/rdfh#s_name>
			<http://lod2.eu/schemas/rdfh#s_nation>
			<http://lod2.eu/schemas/rdfh#s_phone>
			<http://lod2.eu/schemas/rdfh#s_region>
			<http://lod2.eu/schemas/rdfh#s_suppkey>

	Dimension: <http://lod2.eu/schemas/rdfh#lo_orderdate>
		Name: lo_orderdate
		TableName: LO_ORDERDATE
		PrimaryColumnName: KEY
		Hierarchies:
		Hierarchy: <http://lod2.eu/schemas/rdfh#lo_orderdateWeeknuminyearCodeList>
			Name: lo_orderdateWeeknuminyearCodeList
			Levels:
			Level: <http://lod2.eu/schemas/rdfh#lo_orderdateWeeknuminyearLevel>
				Name: LO_ORDERDATEWEEKNUMINYEARLEVEL
				ParentLevel: -
				Depth: 1
			Level: <http://lod2.eu/schemas/rdfh#lo_orderdateWeeknuminyearDateLevel>
				Name: LO_ORDERDATEWEEKNUMINYEARDATELEVEL
				ParentLevel: -
				Depth: 2
		Hierarchy: <http://lod2.eu/schemas/rdfh#lo_orderdateCodeList>
			Name: lo_orderdateCodeList
			Levels:
			Level: <http://lod2.eu/schemas/rdfh#lo_orderdateYearLevel>
				Name: LO_ORDERDATEYEARLEVEL
				ParentLevel: -
				Depth: 1
			Level: <http://lod2.eu/schemas/rdfh#lo_orderdateYearMonthLevel>
				Name: LO_ORDERDATEYEARMONTHLEVEL
				ParentLevel: -
				Depth: 2
			Level: <http://lod2.eu/schemas/rdfh#lo_orderdateYearMonthNumLevel>
				Name: LO_ORDERDATEYEARMONTHNUMLEVEL
				ParentLevel: -
				Depth: 3
			Level: <http://lod2.eu/schemas/rdfh#lo_orderdateDateLevel>
				Name: LO_ORDERDATEDATELEVEL
				ParentLevel: -
				Depth: 4
		Attributes:
			<http://lod2.eu/schemas/rdfh#d_date>
			<http://lod2.eu/schemas/rdfh#d_datekey>
			<http://lod2.eu/schemas/rdfh#d_daynuminmonth>
			<http://lod2.eu/schemas/rdfh#d_daynuminweek>
			<http://lod2.eu/schemas/rdfh#d_daynuminyear>
			<http://lod2.eu/schemas/rdfh#d_dayofweek>
			<http://lod2.eu/schemas/rdfh#d_holidayfl>
			<http://lod2.eu/schemas/rdfh#d_lastdayinmonthfl>
			<http://lod2.eu/schemas/rdfh#d_lastdayinweekfl>
			<http://lod2.eu/schemas/rdfh#d_month>
			<http://lod2.eu/schemas/rdfh#d_monthnuminyear>
			<http://lod2.eu/schemas/rdfh#d_sellingseason>
			<http://lod2.eu/schemas/rdfh#d_weekdayfl>
			<http://lod2.eu/schemas/rdfh#d_weeknuminyear>
			<http://lod2.eu/schemas/rdfh#d_year>
			<http://lod2.eu/schemas/rdfh#d_yearmonth>
			<http://lod2.eu/schemas/rdfh#d_yearmonthnum>
Fact:
	tableName: FACTS
	MeasureUris:
		MeasureUri: <http://lod2.eu/schemas/rdfh#lo_extendedprice>
		MeasureUri: <http://lod2.eu/schemas/rdfh#lo_revenue>
		MeasureUri: <http://lod2.eu/schemas/rdfh#lo_discount>
		MeasureUri: <http://lod2.eu/schemas/rdfh#sum_revenue>
		MeasureUri: <http://lod2.eu/schemas/rdfh#lo_quantity>
		MeasureUri: <http://lod2.eu/schemas/rdfh#sum_profit>
		MeasureUri: <http://lod2.eu/schemas/rdfh#lo_supplycost>
	DimensionUris:
		DimensionUri: <http://lod2.eu/schemas/rdfh#lo_partkey>
		DimensionUri: <http://lod2.eu/schemas/rdfh#lo_custkey>
		DimensionUri: <http://lod2.eu/schemas/rdfh#lo_suppkey>
		DimensionUri: <http://lod2.eu/schemas/rdfh#lo_orderdate>
	ColumnNamesUris:
2015-12-14 08:03:54 INFO  ETLProcess:50 - Component 3: Create Star Schema from Hive Table 'qb_triples_opt'...
2015-12-14 08:03:54 INFO  HiveTableGenerator:91 - Create Star Schema Dimension Tables...
2015-12-14 08:03:54 INFO  HiveTableGenerator:94 - Create Dimension Table: 'LO_PARTKEY'...
2015-12-14 08:03:54 DEBUG HiveTableGenerator:247 - - createDimensionTableWithSingleHierarchy Query: CREATE TABLE LO_PARTKEY STORED AS PARQUET AS SELECT   tb1.object AS key ,  tb4.subject AS LO_PARTKEYMFGRLEVEL ,  tb3.subject AS LO_PARTKEYCATEGORYLEVEL ,  tb2.subject AS LO_PARTKEYBRAND1LEVEL , cast(regexp_replace(split(tb5.object, "\\^\\^")[0],'"','') as String) P_BRAND1 , cast(regexp_replace(split(tb6.object, "\\^\\^")[0],'"','') as String) P_CATEGORY , cast(regexp_replace(split(tb7.object, "\\^\\^")[0],'"','') as String) P_COLOR , cast(regexp_replace(split(tb8.object, "\\^\\^")[0],'"','') as String) P_CONTAINER , cast(regexp_replace(split(tb9.object, "\\^\\^")[0],'"','') as String) P_MFGR , cast(regexp_replace(split(tb10.object, "\\^\\^")[0],'"','') as String) P_NAME , cast(regexp_replace(split(tb11.object, "\\^\\^")[0],'"','') as String) P_PARTKEY , cast(regexp_replace(split(tb12.object, "\\^\\^")[0],'"','') as String) P_SIZE , cast(regexp_replace(split(tb13.object, "\\^\\^")[0],'"','') as String) P_TYPE FROM qb_triples_opt tb1 LEFT JOIN qb_triples_opt tb2 ON (tb2.object = tb1.object AND tb2.predicate = "<http://www.w3.org/2004/02/skos/core#narrower>") LEFT JOIN qb_triples_opt tb3 ON (tb3.object = tb2.subject AND tb3.predicate = "<http://www.w3.org/2004/02/skos/core#narrower>") LEFT JOIN qb_triples_opt tb4 ON (tb4.object = tb3.subject AND tb4.predicate = "<http://www.w3.org/2004/02/skos/core#narrower>") LEFT JOIN qb_triples_opt tb5 ON (tb5.subject = tb1.object AND tb5.predicate = "<http://lod2.eu/schemas/rdfh#p_brand1>") LEFT JOIN qb_triples_opt tb6 ON (tb6.subject = tb1.object AND tb6.predicate = "<http://lod2.eu/schemas/rdfh#p_category>") LEFT JOIN qb_triples_opt tb7 ON (tb7.subject = tb1.object AND tb7.predicate = "<http://lod2.eu/schemas/rdfh#p_color>") LEFT JOIN qb_triples_opt tb8 ON (tb8.subject = tb1.object AND tb8.predicate = "<http://lod2.eu/schemas/rdfh#p_container>") LEFT JOIN qb_triples_opt tb9 ON (tb9.subject = tb1.object AND tb9.predicate = "<http://lod2.eu/schemas/rdfh#p_mfgr>") LEFT JOIN qb_triples_opt tb10 ON (tb10.subject = tb1.object AND tb10.predicate = "<http://lod2.eu/schemas/rdfh#p_name>") LEFT JOIN qb_triples_opt tb11 ON (tb11.subject = tb1.object AND tb11.predicate = "<http://lod2.eu/schemas/rdfh#p_partkey>") LEFT JOIN qb_triples_opt tb12 ON (tb12.subject = tb1.object AND tb12.predicate = "<http://lod2.eu/schemas/rdfh#p_size>") LEFT JOIN qb_triples_opt tb13 ON (tb13.subject = tb1.object AND tb13.predicate = "<http://lod2.eu/schemas/rdfh#p_type>") WHERE   tb1.subject = "<http://lod2.eu/schemas/rdfh#lo_partkeyPartLevel>"   AND tb1.predicate = "<http://www.w3.org/2004/02/skos/core#member>" 
2015-12-14 08:06:14 INFO  HiveTableGenerator:94 - Create Dimension Table: 'LO_CUSTKEY'...
2015-12-14 08:06:14 DEBUG HiveTableGenerator:247 - - createDimensionTableWithSingleHierarchy Query: CREATE TABLE LO_CUSTKEY STORED AS PARQUET AS SELECT   tb1.object AS key ,  tb4.subject AS LO_CUSTKEYREGIONLEVEL ,  tb3.subject AS LO_CUSTKEYNATIONLEVEL ,  tb2.subject AS LO_CUSTKEYCITYLEVEL , cast(regexp_replace(split(tb5.object, "\\^\\^")[0],'"','') as String) C_ADDRESS , cast(regexp_replace(split(tb6.object, "\\^\\^")[0],'"','') as String) C_CITY , cast(regexp_replace(split(tb7.object, "\\^\\^")[0],'"','') as String) C_CUSTKEY , cast(regexp_replace(split(tb8.object, "\\^\\^")[0],'"','') as String) C_MKTSEGMENT , cast(regexp_replace(split(tb9.object, "\\^\\^")[0],'"','') as String) C_NAME , cast(regexp_replace(split(tb10.object, "\\^\\^")[0],'"','') as String) C_NATION , cast(regexp_replace(split(tb11.object, "\\^\\^")[0],'"','') as String) C_PHONE , cast(regexp_replace(split(tb12.object, "\\^\\^")[0],'"','') as String) C_REGION FROM qb_triples_opt tb1 LEFT JOIN qb_triples_opt tb2 ON (tb2.object = tb1.object AND tb2.predicate = "<http://www.w3.org/2004/02/skos/core#narrower>") LEFT JOIN qb_triples_opt tb3 ON (tb3.object = tb2.subject AND tb3.predicate = "<http://www.w3.org/2004/02/skos/core#narrower>") LEFT JOIN qb_triples_opt tb4 ON (tb4.object = tb3.subject AND tb4.predicate = "<http://www.w3.org/2004/02/skos/core#narrower>") LEFT JOIN qb_triples_opt tb5 ON (tb5.subject = tb1.object AND tb5.predicate = "<http://lod2.eu/schemas/rdfh#c_address>") LEFT JOIN qb_triples_opt tb6 ON (tb6.subject = tb1.object AND tb6.predicate = "<http://lod2.eu/schemas/rdfh#c_city>") LEFT JOIN qb_triples_opt tb7 ON (tb7.subject = tb1.object AND tb7.predicate = "<http://lod2.eu/schemas/rdfh#c_custkey>") LEFT JOIN qb_triples_opt tb8 ON (tb8.subject = tb1.object AND tb8.predicate = "<http://lod2.eu/schemas/rdfh#c_mktsegment>") LEFT JOIN qb_triples_opt tb9 ON (tb9.subject = tb1.object AND tb9.predicate = "<http://lod2.eu/schemas/rdfh#c_name>") LEFT JOIN qb_triples_opt tb10 ON (tb10.subject = tb1.object AND tb10.predicate = "<http://lod2.eu/schemas/rdfh#c_nation>") LEFT JOIN qb_triples_opt tb11 ON (tb11.subject = tb1.object AND tb11.predicate = "<http://lod2.eu/schemas/rdfh#c_phone>") LEFT JOIN qb_triples_opt tb12 ON (tb12.subject = tb1.object AND tb12.predicate = "<http://lod2.eu/schemas/rdfh#c_region>") WHERE   tb1.subject = "<http://lod2.eu/schemas/rdfh#lo_custkeyCustomerLevel>"   AND tb1.predicate = "<http://www.w3.org/2004/02/skos/core#member>" 
2015-12-14 08:07:54 INFO  HiveTableGenerator:94 - Create Dimension Table: 'LO_SUPPKEY'...
2015-12-14 08:07:54 DEBUG HiveTableGenerator:247 - - createDimensionTableWithSingleHierarchy Query: CREATE TABLE LO_SUPPKEY STORED AS PARQUET AS SELECT   tb1.object AS key ,  tb4.subject AS LO_SUPPKEYREGIONLEVEL ,  tb3.subject AS LO_SUPPKEYNATIONLEVEL ,  tb2.subject AS LO_SUPPKEYCITYLEVEL , cast(regexp_replace(split(tb5.object, "\\^\\^")[0],'"','') as String) S_ADDRESS , cast(regexp_replace(split(tb6.object, "\\^\\^")[0],'"','') as String) S_CITY , cast(regexp_replace(split(tb7.object, "\\^\\^")[0],'"','') as String) S_NAME , cast(regexp_replace(split(tb8.object, "\\^\\^")[0],'"','') as String) S_NATION , cast(regexp_replace(split(tb9.object, "\\^\\^")[0],'"','') as String) S_PHONE , cast(regexp_replace(split(tb10.object, "\\^\\^")[0],'"','') as String) S_REGION , cast(regexp_replace(split(tb11.object, "\\^\\^")[0],'"','') as String) S_SUPPKEY FROM qb_triples_opt tb1 LEFT JOIN qb_triples_opt tb2 ON (tb2.object = tb1.object AND tb2.predicate = "<http://www.w3.org/2004/02/skos/core#narrower>") LEFT JOIN qb_triples_opt tb3 ON (tb3.object = tb2.subject AND tb3.predicate = "<http://www.w3.org/2004/02/skos/core#narrower>") LEFT JOIN qb_triples_opt tb4 ON (tb4.object = tb3.subject AND tb4.predicate = "<http://www.w3.org/2004/02/skos/core#narrower>") LEFT JOIN qb_triples_opt tb5 ON (tb5.subject = tb1.object AND tb5.predicate = "<http://lod2.eu/schemas/rdfh#s_address>") LEFT JOIN qb_triples_opt tb6 ON (tb6.subject = tb1.object AND tb6.predicate = "<http://lod2.eu/schemas/rdfh#s_city>") LEFT JOIN qb_triples_opt tb7 ON (tb7.subject = tb1.object AND tb7.predicate = "<http://lod2.eu/schemas/rdfh#s_name>") LEFT JOIN qb_triples_opt tb8 ON (tb8.subject = tb1.object AND tb8.predicate = "<http://lod2.eu/schemas/rdfh#s_nation>") LEFT JOIN qb_triples_opt tb9 ON (tb9.subject = tb1.object AND tb9.predicate = "<http://lod2.eu/schemas/rdfh#s_phone>") LEFT JOIN qb_triples_opt tb10 ON (tb10.subject = tb1.object AND tb10.predicate = "<http://lod2.eu/schemas/rdfh#s_region>") LEFT JOIN qb_triples_opt tb11 ON (tb11.subject = tb1.object AND tb11.predicate = "<http://lod2.eu/schemas/rdfh#s_suppkey>") WHERE   tb1.subject = "<http://lod2.eu/schemas/rdfh#lo_suppkeySupplierLevel>"   AND tb1.predicate = "<http://www.w3.org/2004/02/skos/core#member>" 
2015-12-14 08:09:15 INFO  HiveTableGenerator:94 - Create Dimension Table: 'LO_ORDERDATE'...
2015-12-14 08:09:16 DEBUG HiveTableGenerator:330 - - createDimensionTableWithMultipleHierarchy Query: CREATE TABLE LO_ORDERDATE_tmp_1 STORED AS PARQUET AS SELECT   tb1.object as key ,  tb2.subject AS LO_ORDERDATEWEEKNUMINYEARLEVEL , cast(regexp_replace(split(tb3.object, "\\^\\^")[0],'"','') as String) D_DATE , cast(regexp_replace(split(tb4.object, "\\^\\^")[0],'"','') as String) D_DATEKEY , cast(regexp_replace(split(tb5.object, "\\^\\^")[0],'"','') as String) D_DAYNUMINMONTH , cast(regexp_replace(split(tb6.object, "\\^\\^")[0],'"','') as String) D_DAYNUMINWEEK , cast(regexp_replace(split(tb7.object, "\\^\\^")[0],'"','') as String) D_DAYNUMINYEAR , cast(regexp_replace(split(tb8.object, "\\^\\^")[0],'"','') as String) D_DAYOFWEEK , cast(regexp_replace(split(tb9.object, "\\^\\^")[0],'"','') as String) D_HOLIDAYFL , cast(regexp_replace(split(tb10.object, "\\^\\^")[0],'"','') as String) D_LASTDAYINMONTHFL , cast(regexp_replace(split(tb11.object, "\\^\\^")[0],'"','') as String) D_LASTDAYINWEEKFL , cast(regexp_replace(split(tb12.object, "\\^\\^")[0],'"','') as String) D_MONTH , cast(regexp_replace(split(tb13.object, "\\^\\^")[0],'"','') as String) D_MONTHNUMINYEAR , cast(regexp_replace(split(tb14.object, "\\^\\^")[0],'"','') as String) D_SELLINGSEASON , cast(regexp_replace(split(tb15.object, "\\^\\^")[0],'"','') as String) D_WEEKDAYFL , cast(regexp_replace(split(tb16.object, "\\^\\^")[0],'"','') as String) D_WEEKNUMINYEAR , cast(regexp_replace(split(tb17.object, "\\^\\^")[0],'"','') as String) D_YEAR , cast(regexp_replace(split(tb18.object, "\\^\\^")[0],'"','') as String) D_YEARMONTH , cast(regexp_replace(split(tb19.object, "\\^\\^")[0],'"','') as String) D_YEARMONTHNUM FROM qb_triples_opt tb1 LEFT JOIN qb_triples_opt tb2 ON (tb2.object = tb1.object AND tb2.predicate = "<http://www.w3.org/2004/02/skos/core#narrower>") LEFT JOIN qb_triples_opt tb3 ON (tb3.subject = tb1.object AND tb3.predicate = "<http://lod2.eu/schemas/rdfh#d_date>") LEFT JOIN qb_triples_opt tb4 ON (tb4.subject = tb1.object AND tb4.predicate = "<http://lod2.eu/schemas/rdfh#d_datekey>") LEFT JOIN qb_triples_opt tb5 ON (tb5.subject = tb1.object AND tb5.predicate = "<http://lod2.eu/schemas/rdfh#d_daynuminmonth>") LEFT JOIN qb_triples_opt tb6 ON (tb6.subject = tb1.object AND tb6.predicate = "<http://lod2.eu/schemas/rdfh#d_daynuminweek>") LEFT JOIN qb_triples_opt tb7 ON (tb7.subject = tb1.object AND tb7.predicate = "<http://lod2.eu/schemas/rdfh#d_daynuminyear>") LEFT JOIN qb_triples_opt tb8 ON (tb8.subject = tb1.object AND tb8.predicate = "<http://lod2.eu/schemas/rdfh#d_dayofweek>") LEFT JOIN qb_triples_opt tb9 ON (tb9.subject = tb1.object AND tb9.predicate = "<http://lod2.eu/schemas/rdfh#d_holidayfl>") LEFT JOIN qb_triples_opt tb10 ON (tb10.subject = tb1.object AND tb10.predicate = "<http://lod2.eu/schemas/rdfh#d_lastdayinmonthfl>") LEFT JOIN qb_triples_opt tb11 ON (tb11.subject = tb1.object AND tb11.predicate = "<http://lod2.eu/schemas/rdfh#d_lastdayinweekfl>") LEFT JOIN qb_triples_opt tb12 ON (tb12.subject = tb1.object AND tb12.predicate = "<http://lod2.eu/schemas/rdfh#d_month>") LEFT JOIN qb_triples_opt tb13 ON (tb13.subject = tb1.object AND tb13.predicate = "<http://lod2.eu/schemas/rdfh#d_monthnuminyear>") LEFT JOIN qb_triples_opt tb14 ON (tb14.subject = tb1.object AND tb14.predicate = "<http://lod2.eu/schemas/rdfh#d_sellingseason>") LEFT JOIN qb_triples_opt tb15 ON (tb15.subject = tb1.object AND tb15.predicate = "<http://lod2.eu/schemas/rdfh#d_weekdayfl>") LEFT JOIN qb_triples_opt tb16 ON (tb16.subject = tb1.object AND tb16.predicate = "<http://lod2.eu/schemas/rdfh#d_weeknuminyear>") LEFT JOIN qb_triples_opt tb17 ON (tb17.subject = tb1.object AND tb17.predicate = "<http://lod2.eu/schemas/rdfh#d_year>") LEFT JOIN qb_triples_opt tb18 ON (tb18.subject = tb1.object AND tb18.predicate = "<http://lod2.eu/schemas/rdfh#d_yearmonth>") LEFT JOIN qb_triples_opt tb19 ON (tb19.subject = tb1.object AND tb19.predicate = "<http://lod2.eu/schemas/rdfh#d_yearmonthnum>") WHERE   tb1.subject = "<http://lod2.eu/schemas/rdfh#lo_orderdateWeeknuminyearDateLevel>"   AND tb1.predicate = "<http://www.w3.org/2004/02/skos/core#member>"   AND tb2.subject IN (     SELECT tbx.object     FROM qb_triples_opt tbx     WHERE       tbx.subject = "<http://lod2.eu/schemas/rdfh#lo_orderdateWeeknuminyearLevel>"       AND tbx.predicate = "<http://www.w3.org/2004/02/skos/core#member>"   )
2015-12-14 08:10:24 DEBUG HiveTableGenerator:330 - - createDimensionTableWithMultipleHierarchy Query: CREATE TABLE LO_ORDERDATE STORED AS PARQUET AS SELECT   tb0.* ,  tb4.subject AS LO_ORDERDATEYEARLEVEL ,  tb3.subject AS LO_ORDERDATEYEARMONTHLEVEL ,  tb2.subject AS LO_ORDERDATEYEARMONTHNUMLEVEL FROM qb_triples_opt tb1 LEFT JOIN qb_triples_opt tb2 ON (tb2.object = tb1.object AND tb2.predicate = "<http://www.w3.org/2004/02/skos/core#narrower>") LEFT JOIN qb_triples_opt tb3 ON (tb3.object = tb2.subject AND tb3.predicate = "<http://www.w3.org/2004/02/skos/core#narrower>") LEFT JOIN qb_triples_opt tb4 ON (tb4.object = tb3.subject AND tb4.predicate = "<http://www.w3.org/2004/02/skos/core#narrower>") JOIN LO_ORDERDATE_tmp_1 as tb0 ON (tb1.object = tb0.key) WHERE   tb1.subject = "<http://lod2.eu/schemas/rdfh#lo_orderdateDateLevel>"   AND tb1.predicate = "<http://www.w3.org/2004/02/skos/core#member>"   AND tb2.subject IN (     SELECT tbx.object     FROM qb_triples_opt tbx     WHERE       tbx.subject = "<http://lod2.eu/schemas/rdfh#lo_orderdateYearMonthNumLevel>"       AND tbx.predicate = "<http://www.w3.org/2004/02/skos/core#member>"   )
2015-12-14 08:12:20 INFO  ETLProcess:64 - Execution Time Component 3: 506184
2015-12-14 08:12:20 INFO  ETLProcess:65 - Component 3: Star Schema created!
2015-12-14 08:12:20 INFO  ETLProcess:99 - Execution Time Global: 1253439
Done...

