
Version:                Openlink BIBM Test Driver 0.7.7
Start date:             Sat Dec 19 05:07:01 EST 2015
Scale factor:           1.0
Explore Endpoint:       jdbc:mysql://localhost/ssb1?user=root
Update Endpoint:        jdbc:mysql://localhost/ssb1?user=root
Use case:               /home/ec2-user/development/evaluation/bibm/./../mysql/queries
Query Streams of Throughput Test:1
Seed:                   808080
TPC-H Power:            13.9 qph*scale (geom)
TPC-H Throughput:       0.0 qph*scale
TPC-H Composite:        0.0
Measurment Interval:    1450523245.8 seconds

Duration of stream execution:
                Query Start         Query End       Duration     RF1 Start           RF2 End           RF2 Start          RF2 End  
Stream 1:	19/12/2015 05:07:02	19/12/2015 06:07:25	01:00:23	

TPC Timing intervals (in seconds):

Query		Q1	Q2	Q3	Q4	Q5	Q6	Q7	Q8	
Stream 1:	134.7	121.5	120.8	377.5	340.4	340.3	348.8	288.0	
Minimum: 	134.7	121.5	120.8	377.5	340.4	340.3	348.8	288.0	
Maximum: 	134.7	121.5	120.8	377.5	340.4	340.3	348.8	288.0	
Average: 	134.7	121.5	120.8	377.5	340.4	340.3	348.8	288.0	

Query		Q9	Q10	Q11	Q12	Q13	Q14	Q15	Q16	
Stream 1:	277.1	278.9	352.1	353.7	289.6	    	    	    	
Minimum: 	277.1	278.9	352.1	353.7	289.6	    	    	    	
Maximum: 	277.1	278.9	352.1	353.7	289.6	    	    	    	
Average: 	277.1	278.9	352.1	353.7	289.6	    	    	    	

Query		Q17	Q18	Q19	Q20	Q21	Q22	RF1	RF2	
Stream 1:	    	    	    	    	    	    	    	    	
Minimum: 	    	    	    	    	    	    	    	    	
Maximum: 	    	    	    	    	    	    	    	    	
Average: 	    	    	    	    	    	    	    	    	

